# JRE version: OpenJDK Runtime Environment (17.0.7) (build 17.0.7+0-b2043.56-10550314)
# Java VM: OpenJDK 64-Bit Server VM (17.0.7+0-b2043.56-10550314, mixed mode, tiered, compressed oops, compressed class ptrs, g1 gc, windows-amd64)
GC Precious Log:
 CPUs: 8 total, 8 available
 Memory: 7885M
 Large Page Support: Disabled
 NUMA Support: Disabled
 Compressed Oops: Enabled (Zero based)
 Heap Region Size: 2M
 Heap Min Capacity: 8M
 Heap Initial Capacity: 124M
 Heap Max Capacity: 4G
 Pre-touch: Disabled
 Parallel Workers: 8
 Concurrent Workers: 2
 Concurrent Refinement Workers: 8
 Periodic GC: Disabled
Heap:
 garbage-first heap   total 718848K, used 218968K [0x0000000700000000, 0x0000000800000000)
  region size 2048K, 1 young (2048K), 1 survivors (2048K)
 Metaspace       used 163113K, committed 164672K, reserved 1245184K
  class space    used 21856K, committed 22528K, reserved 1048576K
GC Heap History (20 events):
Event: 63.744 GC heap after
{Heap after GC invocations=58 (full 0):
 garbage-first heap   total 550912K, used 312670K [0x0000000700000000, 0x0000000800000000)
  region size 2048K, 5 young (10240K), 5 survivors (10240K)
 Metaspace       used 145243K, committed 146560K, reserved 1179648K
  class space    used 19424K, committed 20032K, reserved 1048576K
}
Event: 65.089 GC heap before
{Heap before GC invocations=59 (full 0):
 garbage-first heap   total 550912K, used 410974K [0x0000000700000000, 0x0000000800000000)
  region size 2048K, 72 young (147456K), 5 survivors (10240K)
 Metaspace       used 148568K, committed 149888K, reserved 1179648K
  class space    used 19994K, committed 20608K, reserved 1048576K
}
Event: 65.111 GC heap after
{Heap after GC invocations=60 (full 0):
 garbage-first heap   total 550912K, used 232988K [0x0000000700000000, 0x0000000800000000)
  region size 2048K, 9 young (18432K), 9 survivors (18432K)
 Metaspace       used 148568K, committed 149888K, reserved 1179648K
  class space    used 19994K, committed 20608K, reserved 1048576K
}
Event: 65.190 GC heap before
{Heap before GC invocations=60 (full 0):
 garbage-first heap   total 550912K, used 243228K [0x0000000700000000, 0x0000000800000000)
  region size 2048K, 13 young (26624K), 9 survivors (18432K)
 Metaspace       used 148819K, committed 150144K, reserved 1179648K
  class space    used 20022K, committed 20608K, reserved 1048576K
}
Event: 65.206 GC heap after
{Heap after GC invocations=61 (full 0):
 garbage-first heap   total 718848K, used 232143K [0x0000000700000000, 0x0000000800000000)
  region size 2048K, 1 young (2048K), 1 survivors (2048K)
 Metaspace       used 148819K, committed 150144K, reserved 1179648K
  class space    used 20022K, committed 20608K, reserved 1048576K
}
Event: 68.964 GC heap before
{Heap before GC invocations=61 (full 0):
 garbage-first heap   total 718848K, used 598735K [0x0000000700000000, 0x0000000800000000)
  region size 2048K, 163 young (333824K), 1 survivors (2048K)
 Metaspace       used 151840K, committed 153152K, reserved 1245184K
  class space    used 20367K, committed 20928K, reserved 1048576K
}
Event: 69.071 GC heap after
{Heap after GC invocations=62 (full 0):
 garbage-first heap   total 718848K, used 304457K [0x0000000700000000, 0x0000000800000000)
  region size 2048K, 21 young (43008K), 21 survivors (43008K)
 Metaspace       used 151840K, committed 153152K, reserved 1245184K
  class space    used 20367K, committed 20928K, reserved 1048576K
}
Event: 69.844 GC heap before
{Heap before GC invocations=62 (full 0):
 garbage-first heap   total 718848K, used 347465K [0x0000000700000000, 0x0000000800000000)
  region size 2048K, 43 young (88064K), 21 survivors (43008K)
 Metaspace       used 151855K, committed 153152K, reserved 1245184K
  class space    used 20367K, committed 20928K, reserved 1048576K
}
Event: 69.934 GC heap after
{Heap after GC invocations=63 (full 0):
 garbage-first heap   total 718848K, used 317450K [0x0000000700000000, 0x0000000800000000)
  region size 2048K, 6 young (12288K), 6 survivors (12288K)
 Metaspace       used 151855K, committed 153152K, reserved 1245184K
  class space    used 20367K, committed 20928K, reserved 1048576K
}
Event: 125.531 GC heap before
{Heap before GC invocations=64 (full 0):
 garbage-first heap   total 718848K, used 520202K [0x0000000700000000, 0x0000000800000000)
  region size 2048K, 105 young (215040K), 6 survivors (12288K)
 Metaspace       used 153663K, committed 155136K, reserved 1245184K
  class space    used 20599K, committed 21248K, reserved 1048576K
}
Event: 125.578 GC heap after
{Heap after GC invocations=65 (full 0):
 garbage-first heap   total 718848K, used 350054K [0x0000000700000000, 0x0000000800000000)
  region size 2048K, 14 young (28672K), 14 survivors (28672K)
 Metaspace       used 153663K, committed 155136K, reserved 1245184K
  class space    used 20599K, committed 21248K, reserved 1048576K
}
Event: 125.665 GC heap before
{Heap before GC invocations=65 (full 0):
 garbage-first heap   total 718848K, used 354150K [0x0000000700000000, 0x0000000800000000)
  region size 2048K, 17 young (34816K), 14 survivors (28672K)
 Metaspace       used 153740K, committed 155200K, reserved 1245184K
  class space    used 20611K, committed 21248K, reserved 1048576K
}
Event: 125.707 GC heap after
{Heap after GC invocations=66 (full 0):
 garbage-first heap   total 718848K, used 349344K [0x0000000700000000, 0x0000000800000000)
  region size 2048K, 2 young (4096K), 2 survivors (4096K)
 Metaspace       used 153740K, committed 155200K, reserved 1245184K
  class space    used 20611K, committed 21248K, reserved 1048576K
}
Event: 134.643 GC heap before
{Heap before GC invocations=66 (full 0):
 garbage-first heap   total 718848K, used 464032K [0x0000000700000000, 0x0000000800000000)
  region size 2048K, 60 young (122880K), 2 survivors (4096K)
 Metaspace       used 160038K, committed 161536K, reserved 1245184K
  class space    used 21424K, committed 22080K, reserved 1048576K
}
Event: 134.666 GC heap after
{Heap after GC invocations=67 (full 0):
 garbage-first heap   total 718848K, used 357339K [0x0000000700000000, 0x0000000800000000)
  region size 2048K, 6 young (12288K), 6 survivors (12288K)
 Metaspace       used 160038K, committed 161536K, reserved 1245184K
  class space    used 21424K, committed 22080K, reserved 1048576K
}
Event: 138.245 GC heap before
{Heap before GC invocations=68 (full 0):
 garbage-first heap   total 718848K, used 492507K [0x0000000700000000, 0x0000000800000000)
  region size 2048K, 102 young (208896K), 6 survivors (12288K)
 Metaspace       used 163092K, committed 164608K, reserved 1245184K
  class space    used 21851K, committed 22528K, reserved 1048576K
}
Event: 138.326 GC heap after
{Heap after GC invocations=69 (full 0):
 garbage-first heap   total 718848K, used 302117K [0x0000000700000000, 0x0000000800000000)
  region size 2048K, 12 young (24576K), 12 survivors (24576K)
 Metaspace       used 163092K, committed 164608K, reserved 1245184K
  class space    used 21851K, committed 22528K, reserved 1048576K
}
Event: 138.364 GC heap before
{Heap before GC invocations=69 (full 0):
 garbage-first heap   total 718848K, used 310309K [0x0000000700000000, 0x0000000800000000)
  region size 2048K, 17 young (34816K), 12 survivors (24576K)
 Metaspace       used 163099K, committed 164608K, reserved 1245184K
  class space    used 21851K, committed 22528K, reserved 1048576K
}
Event: 138.491 GC heap after
{Heap after GC invocations=70 (full 0):
 garbage-first heap   total 718848K, used 230040K [0x0000000700000000, 0x0000000800000000)
  region size 2048K, 2 young (4096K), 2 survivors (4096K)
 Metaspace       used 163099K, committed 164608K, reserved 1245184K
  class space    used 21851K, committed 22528K, reserved 1048576K
}
Event: 138.582 GC heap before
{Heap before GC invocations=70 (full 0):
 garbage-first heap   total 718848K, used 260760K [0x0000000700000000, 0x0000000800000000)
  region size 2048K, 17 young (34816K), 2 survivors (4096K)
 Metaspace       used 163113K, committed 164672K, reserved 1245184K
  class space    used 21856K, committed 22528K, reserved 1048576K
}

