# JRE version: OpenJDK Runtime Environment (17.0.7) (build 17.0.7+0-b2043.56-10550314)
# Java VM: OpenJDK 64-Bit Server VM (17.0.7+0-b2043.56-10550314, mixed mode, tiered, compressed oops, compressed class ptrs, g1 gc, windows-amd64)
GC Precious Log:
 CPUs: 8 total, 8 available
 Memory: 7885M
 Large Page Support: Disabled
 NUMA Support: Disabled
 Compressed Oops: Enabled (Zero based)
 Heap Region Size: 2M
 Heap Min Capacity: 8M
 Heap Initial Capacity: 124M
 Heap Max Capacity: 4G
 Pre-touch: Disabled
 Parallel Workers: 8
 Concurrent Workers: 2
 Concurrent Refinement Workers: 8
 Periodic GC: Disabled
Heap:
 garbage-first heap   total 536576K, used 448574K [0x0000000700000000, 0x0000000800000000)
  region size 2048K, 8 young (16384K), 5 survivors (10240K)
 Metaspace       used 153331K, committed 154560K, reserved 1245184K
  class space    used 19741K, committed 20288K, reserved 1048576K
GC Heap History (20 events):
Event: 377.618 GC heap before
{Heap before GC invocations=111 (full 0):
 garbage-first heap   total 509952K, used 397460K [0x0000000700000000, 0x0000000800000000)
  region size 2048K, 93 young (190464K), 1 survivors (2048K)
 Metaspace       used 152306K, committed 153664K, reserved 1245184K
  class space    used 19624K, committed 20288K, reserved 1048576K
}
Event: 377.623 GC heap after
{Heap after GC invocations=112 (full 0):
 garbage-first heap   total 509952K, used 214172K [0x0000000700000000, 0x0000000800000000)
  region size 2048K, 6 young (12288K), 6 survivors (12288K)
 Metaspace       used 152306K, committed 153664K, reserved 1245184K
  class space    used 19624K, committed 20288K, reserved 1048576K
}
Event: 377.739 GC heap before
{Heap before GC invocations=112 (full 0):
 garbage-first heap   total 509952K, used 400540K [0x0000000700000000, 0x0000000800000000)
  region size 2048K, 97 young (198656K), 6 survivors (12288K)
 Metaspace       used 152306K, committed 153664K, reserved 1245184K
  class space    used 19624K, committed 20288K, reserved 1048576K
}
Event: 377.742 GC heap after
{Heap after GC invocations=113 (full 0):
 garbage-first heap   total 509952K, used 214810K [0x0000000700000000, 0x0000000800000000)
  region size 2048K, 6 young (12288K), 6 survivors (12288K)
 Metaspace       used 152306K, committed 153664K, reserved 1245184K
  class space    used 19624K, committed 20288K, reserved 1048576K
}
Event: 378.859 GC heap before
{Heap before GC invocations=114 (full 0):
 garbage-first heap   total 536576K, used 401178K [0x0000000700000000, 0x0000000800000000)
  region size 2048K, 99 young (202752K), 6 survivors (12288K)
 Metaspace       used 152306K, committed 153664K, reserved 1245184K
  class space    used 19624K, committed 20288K, reserved 1048576K
}
Event: 378.863 GC heap after
{Heap after GC invocations=115 (full 0):
 garbage-first heap   total 536576K, used 204048K [0x0000000700000000, 0x0000000800000000)
  region size 2048K, 2 young (4096K), 2 survivors (4096K)
 Metaspace       used 152306K, committed 153664K, reserved 1245184K
  class space    used 19624K, committed 20288K, reserved 1048576K
}
Event: 378.896 GC heap before
{Heap before GC invocations=115 (full 0):
 garbage-first heap   total 536576K, used 224528K [0x0000000700000000, 0x0000000800000000)
  region size 2048K, 13 young (26624K), 2 survivors (4096K)
 Metaspace       used 152306K, committed 153664K, reserved 1245184K
  class space    used 19624K, committed 20288K, reserved 1048576K
}
Event: 378.900 GC heap after
{Heap after GC invocations=116 (full 0):
 garbage-first heap   total 536576K, used 199799K [0x0000000700000000, 0x0000000800000000)
  region size 2048K, 2 young (4096K), 2 survivors (4096K)
 Metaspace       used 152306K, committed 153664K, reserved 1245184K
  class space    used 19624K, committed 20288K, reserved 1048576K
}
Event: 380.310 GC heap before
{Heap before GC invocations=116 (full 0):
 garbage-first heap   total 536576K, used 435319K [0x0000000700000000, 0x0000000800000000)
  region size 2048K, 116 young (237568K), 2 survivors (4096K)
 Metaspace       used 152605K, committed 153920K, reserved 1245184K
  class space    used 19655K, committed 20288K, reserved 1048576K
}
Event: 380.316 GC heap after
{Heap after GC invocations=117 (full 0):
 garbage-first heap   total 536576K, used 203937K [0x0000000700000000, 0x0000000800000000)
  region size 2048K, 3 young (6144K), 3 survivors (6144K)
 Metaspace       used 152605K, committed 153920K, reserved 1245184K
  class space    used 19655K, committed 20288K, reserved 1048576K
}
Event: 381.076 GC heap before
{Heap before GC invocations=117 (full 0):
 garbage-first heap   total 536576K, used 437409K [0x0000000700000000, 0x0000000800000000)
  region size 2048K, 118 young (241664K), 3 survivors (6144K)
 Metaspace       used 152625K, committed 153920K, reserved 1245184K
  class space    used 19658K, committed 20288K, reserved 1048576K
}
Event: 381.085 GC heap after
{Heap after GC invocations=118 (full 0):
 garbage-first heap   total 536576K, used 207591K [0x0000000700000000, 0x0000000800000000)
  region size 2048K, 5 young (10240K), 5 survivors (10240K)
 Metaspace       used 152625K, committed 153920K, reserved 1245184K
  class space    used 19658K, committed 20288K, reserved 1048576K
}
Event: 381.621 GC heap before
{Heap before GC invocations=118 (full 0):
 garbage-first heap   total 536576K, used 447207K [0x0000000700000000, 0x0000000800000000)
  region size 2048K, 121 young (247808K), 5 survivors (10240K)
 Metaspace       used 152628K, committed 153920K, reserved 1245184K
  class space    used 19658K, committed 20288K, reserved 1048576K
}
Event: 381.628 GC heap after
{Heap after GC invocations=119 (full 0):
 garbage-first heap   total 536576K, used 205345K [0x0000000700000000, 0x0000000800000000)
  region size 2048K, 4 young (8192K), 4 survivors (8192K)
 Metaspace       used 152628K, committed 153920K, reserved 1245184K
  class space    used 19658K, committed 20288K, reserved 1048576K
}
Event: 385.516 GC heap before
{Heap before GC invocations=119 (full 0):
 garbage-first heap   total 536576K, used 453153K [0x0000000700000000, 0x0000000800000000)
  region size 2048K, 123 young (251904K), 4 survivors (8192K)
 Metaspace       used 153163K, committed 154432K, reserved 1245184K
  class space    used 19725K, committed 20288K, reserved 1048576K
}
Event: 385.537 GC heap after
{Heap after GC invocations=120 (full 0):
 garbage-first heap   total 536576K, used 218014K [0x0000000700000000, 0x0000000800000000)
  region size 2048K, 10 young (20480K), 10 survivors (20480K)
 Metaspace       used 153163K, committed 154432K, reserved 1245184K
  class space    used 19725K, committed 20288K, reserved 1048576K
}
Event: 385.962 GC heap before
{Heap before GC invocations=120 (full 0):
 garbage-first heap   total 536576K, used 322462K [0x0000000700000000, 0x0000000800000000)
  region size 2048K, 55 young (112640K), 10 survivors (20480K)
 Metaspace       used 153330K, committed 154560K, reserved 1245184K
  class space    used 19741K, committed 20288K, reserved 1048576K
}
Event: 385.974 GC heap after
{Heap after GC invocations=121 (full 0):
 garbage-first heap   total 536576K, used 232278K [0x0000000700000000, 0x0000000800000000)
  region size 2048K, 9 young (18432K), 9 survivors (18432K)
 Metaspace       used 153330K, committed 154560K, reserved 1245184K
  class space    used 19741K, committed 20288K, reserved 1048576K
}
Event: 386.013 GC heap before
{Heap before GC invocations=121 (full 0):
 garbage-first heap   total 536576K, used 283478K [0x0000000700000000, 0x0000000800000000)
  region size 2048K, 10 young (20480K), 9 survivors (18432K)
 Metaspace       used 153331K, committed 154560K, reserved 1245184K
  class space    used 19741K, committed 20288K, reserved 1048576K
}
Event: 386.021 GC heap after
{Heap after GC invocations=122 (full 0):
 garbage-first heap   total 536576K, used 274494K [0x0000000700000000, 0x0000000800000000)
  region size 2048K, 5 young (10240K), 5 survivors (10240K)
 Metaspace       used 153331K, committed 154560K, reserved 1245184K
  class space    used 19741K, committed 20288K, reserved 1048576K
}

