# JRE version: OpenJDK Runtime Environment (17.0.7) (build 17.0.7+0-b2043.56-10550314)
# Java VM: OpenJDK 64-Bit Server VM (17.0.7+0-b2043.56-10550314, mixed mode, tiered, compressed oops, compressed class ptrs, g1 gc, windows-amd64)
GC Precious Log:
 CPUs: 8 total, 8 available
 Memory: 7885M
 Large Page Support: Disabled
 NUMA Support: Disabled
 Compressed Oops: Enabled (Zero based)
 Heap Region Size: 2M
 Heap Min Capacity: 8M
 Heap Initial Capacity: 124M
 Heap Max Capacity: 4G
 Pre-touch: Disabled
 Parallel Workers: 8
 Concurrent Workers: 2
 Concurrent Refinement Workers: 8
 Periodic GC: Disabled
Heap:
 garbage-first heap   total 577536K, used 254631K [0x0000000700000000, 0x0000000800000000)
  region size 2048K, 14 young (28672K), 14 survivors (28672K)
 Metaspace       used 125068K, committed 126208K, reserved 1179648K
  class space    used 17308K, committed 17792K, reserved 1048576K
GC Heap History (20 events):
Event: 19.907 GC heap after
{Heap after GC invocations=48 (full 0):
 garbage-first heap   total 288768K, used 149856K [0x0000000700000000, 0x0000000800000000)
  region size 2048K, 3 young (6144K), 3 survivors (6144K)
 Metaspace       used 104404K, committed 105472K, reserved 1179648K
  class space    used 14445K, committed 14912K, reserved 1048576K
}
Event: 20.627 GC heap before
{Heap before GC invocations=49 (full 0):
 garbage-first heap   total 288768K, used 219488K [0x0000000700000000, 0x0000000800000000)
  region size 2048K, 38 young (77824K), 3 survivors (6144K)
 Metaspace       used 104942K, committed 106112K, reserved 1179648K
  class space    used 14475K, committed 14976K, reserved 1048576K
}
Event: 20.636 GC heap after
{Heap after GC invocations=50 (full 0):
 garbage-first heap   total 288768K, used 156134K [0x0000000700000000, 0x0000000800000000)
  region size 2048K, 5 young (10240K), 5 survivors (10240K)
 Metaspace       used 104942K, committed 106112K, reserved 1179648K
  class space    used 14475K, committed 14976K, reserved 1048576K
}
Event: 20.651 GC heap before
{Heap before GC invocations=50 (full 0):
 garbage-first heap   total 288768K, used 160230K [0x0000000700000000, 0x0000000800000000)
  region size 2048K, 7 young (14336K), 5 survivors (10240K)
 Metaspace       used 104949K, committed 106112K, reserved 1179648K
  class space    used 14475K, committed 14976K, reserved 1048576K
}
Event: 20.659 GC heap after
{Heap after GC invocations=51 (full 0):
 garbage-first heap   total 288768K, used 157399K [0x0000000700000000, 0x0000000800000000)
  region size 2048K, 1 young (2048K), 1 survivors (2048K)
 Metaspace       used 104949K, committed 106112K, reserved 1179648K
  class space    used 14475K, committed 14976K, reserved 1048576K
}
Event: 21.369 GC heap before
{Heap before GC invocations=51 (full 0):
 garbage-first heap   total 288768K, used 227031K [0x0000000700000000, 0x0000000800000000)
  region size 2048K, 36 young (73728K), 1 survivors (2048K)
 Metaspace       used 108240K, committed 109376K, reserved 1179648K
  class space    used 14885K, committed 15360K, reserved 1048576K
}
Event: 21.390 GC heap after
{Heap after GC invocations=52 (full 0):
 garbage-first heap   total 577536K, used 161960K [0x0000000700000000, 0x0000000800000000)
  region size 2048K, 4 young (8192K), 4 survivors (8192K)
 Metaspace       used 108240K, committed 109376K, reserved 1179648K
  class space    used 14885K, committed 15360K, reserved 1048576K
}
Event: 22.786 GC heap before
{Heap before GC invocations=53 (full 0):
 garbage-first heap   total 577536K, used 454824K [0x0000000700000000, 0x0000000800000000)
  region size 2048K, 144 young (294912K), 4 survivors (8192K)
 Metaspace       used 118145K, committed 119360K, reserved 1179648K
  class space    used 16431K, committed 16960K, reserved 1048576K
}
Event: 22.922 GC heap after
{Heap after GC invocations=54 (full 0):
 garbage-first heap   total 577536K, used 207527K [0x0000000700000000, 0x0000000800000000)
  region size 2048K, 18 young (36864K), 18 survivors (36864K)
 Metaspace       used 118145K, committed 119360K, reserved 1179648K
  class space    used 16431K, committed 16960K, reserved 1048576K
}
Event: 22.937 GC heap before
{Heap before GC invocations=54 (full 0):
 garbage-first heap   total 577536K, used 209575K [0x0000000700000000, 0x0000000800000000)
  region size 2048K, 19 young (38912K), 18 survivors (36864K)
 Metaspace       used 118212K, committed 119424K, reserved 1179648K
  class space    used 16450K, committed 16960K, reserved 1048576K
}
Event: 22.970 GC heap after
{Heap after GC invocations=55 (full 0):
 garbage-first heap   total 577536K, used 208101K [0x0000000700000000, 0x0000000800000000)
  region size 2048K, 3 young (6144K), 3 survivors (6144K)
 Metaspace       used 118212K, committed 119424K, reserved 1179648K
  class space    used 16450K, committed 16960K, reserved 1048576K
}
Event: 24.076 GC heap before
{Heap before GC invocations=55 (full 0):
 garbage-first heap   total 577536K, used 394469K [0x0000000700000000, 0x0000000800000000)
  region size 2048K, 95 young (194560K), 3 survivors (6144K)
 Metaspace       used 123506K, committed 124736K, reserved 1179648K
  class space    used 17211K, committed 17728K, reserved 1048576K
}
Event: 24.096 GC heap after
{Heap after GC invocations=56 (full 0):
 garbage-first heap   total 577536K, used 226951K [0x0000000700000000, 0x0000000800000000)
  region size 2048K, 12 young (24576K), 12 survivors (24576K)
 Metaspace       used 123506K, committed 124736K, reserved 1179648K
  class space    used 17211K, committed 17728K, reserved 1048576K
}
Event: 24.577 GC heap before
{Heap before GC invocations=56 (full 0):
 garbage-first heap   total 577536K, used 417415K [0x0000000700000000, 0x0000000800000000)
  region size 2048K, 105 young (215040K), 12 survivors (24576K)
 Metaspace       used 123763K, committed 124992K, reserved 1179648K
  class space    used 17278K, committed 17792K, reserved 1048576K
}
Event: 24.651 GC heap after
{Heap after GC invocations=57 (full 0):
 garbage-first heap   total 577536K, used 237420K [0x0000000700000000, 0x0000000800000000)
  region size 2048K, 6 young (12288K), 6 survivors (12288K)
 Metaspace       used 123763K, committed 124992K, reserved 1179648K
  class space    used 17278K, committed 17792K, reserved 1048576K
}
Event: 25.366 GC heap before
{Heap before GC invocations=57 (full 0):
 garbage-first heap   total 577536K, used 436076K [0x0000000700000000, 0x0000000800000000)
  region size 2048K, 103 young (210944K), 6 survivors (12288K)
 Metaspace       used 124353K, committed 125568K, reserved 1179648K
  class space    used 17283K, committed 17792K, reserved 1048576K
}
Event: 25.377 GC heap after
{Heap after GC invocations=58 (full 0):
 garbage-first heap   total 577536K, used 239382K [0x0000000700000000, 0x0000000800000000)
  region size 2048K, 7 young (14336K), 7 survivors (14336K)
 Metaspace       used 124353K, committed 125568K, reserved 1179648K
  class space    used 17283K, committed 17792K, reserved 1048576K
}
Event: 26.026 GC heap before
{Heap before GC invocations=58 (full 0):
 garbage-first heap   total 577536K, used 454422K [0x0000000700000000, 0x0000000800000000)
  region size 2048K, 112 young (229376K), 7 survivors (14336K)
 Metaspace       used 124830K, committed 126016K, reserved 1179648K
  class space    used 17294K, committed 17792K, reserved 1048576K
}
Event: 26.049 GC heap after
{Heap after GC invocations=59 (full 0):
 garbage-first heap   total 577536K, used 242603K [0x0000000700000000, 0x0000000800000000)
  region size 2048K, 8 young (16384K), 8 survivors (16384K)
 Metaspace       used 124830K, committed 126016K, reserved 1179648K
  class space    used 17294K, committed 17792K, reserved 1048576K
}
Event: 26.502 GC heap before
{Heap before GC invocations=59 (full 0):
 garbage-first heap   total 577536K, used 463787K [0x0000000700000000, 0x0000000800000000)
  region size 2048K, 117 young (239616K), 8 survivors (16384K)
 Metaspace       used 125068K, committed 126208K, reserved 1179648K
  class space    used 17308K, committed 17792K, reserved 1048576K
}

