# JRE version: OpenJDK Runtime Environment (17.0.7) (build 17.0.7+0-b2043.56-10550314)
# Java VM: OpenJDK 64-Bit Server VM (17.0.7+0-b2043.56-10550314, mixed mode, tiered, compressed oops, compressed class ptrs, g1 gc, windows-amd64)
GC Precious Log:
 CPUs: 8 total, 8 available
 Memory: 7885M
 Large Page Support: Disabled
 NUMA Support: Disabled
 Compressed Oops: Enabled (Zero based)
 Heap Region Size: 2M
 Heap Min Capacity: 8M
 Heap Initial Capacity: 124M
 Heap Max Capacity: 4G
 Pre-touch: Disabled
 Parallel Workers: 8
 Concurrent Workers: 2
 Concurrent Refinement Workers: 8
 Periodic GC: Disabled
Heap:
 garbage-first heap   total 290816K, used 232665K [0x0000000700000000, 0x0000000800000000)
  region size 2048K, 41 young (83968K), 2 survivors (4096K)
 Metaspace       used 150931K, committed 151808K, reserved 1245184K
  class space    used 19949K, committed 20352K, reserved 1048576K
GC Heap History (20 events):
Event: 21.376 GC heap before
{Heap before GC invocations=55 (full 0):
 garbage-first heap   total 223232K, used 178603K [0x0000000700000000, 0x0000000800000000)
  region size 2048K, 29 young (59392K), 3 survivors (6144K)
 Metaspace       used 123176K, committed 123904K, reserved 1179648K
  class space    used 16528K, committed 16896K, reserved 1048576K
}
Event: 21.381 GC heap after
{Heap after GC invocations=56 (full 0):
 garbage-first heap   total 282624K, used 128674K [0x0000000700000000, 0x0000000800000000)
  region size 2048K, 2 young (4096K), 2 survivors (4096K)
 Metaspace       used 123176K, committed 123904K, reserved 1179648K
  class space    used 16528K, committed 16896K, reserved 1048576K
}
Event: 22.436 GC heap before
{Heap before GC invocations=57 (full 0):
 garbage-first heap   total 282624K, used 214690K [0x0000000700000000, 0x0000000800000000)
  region size 2048K, 44 young (90112K), 2 survivors (4096K)
 Metaspace       used 130152K, committed 130944K, reserved 1179648K
  class space    used 17419K, committed 17792K, reserved 1048576K
}
Event: 22.442 GC heap after
{Heap after GC invocations=58 (full 0):
 garbage-first heap   total 282624K, used 132156K [0x0000000700000000, 0x0000000800000000)
  region size 2048K, 4 young (8192K), 4 survivors (8192K)
 Metaspace       used 130152K, committed 130944K, reserved 1179648K
  class space    used 17419K, committed 17792K, reserved 1048576K
}
Event: 23.357 GC heap before
{Heap before GC invocations=58 (full 0):
 garbage-first heap   total 282624K, used 228412K [0x0000000700000000, 0x0000000800000000)
  region size 2048K, 51 young (104448K), 4 survivors (8192K)
 Metaspace       used 138856K, committed 139584K, reserved 1179648K
  class space    used 18346K, committed 18688K, reserved 1048576K
}
Event: 23.363 GC heap after
{Heap after GC invocations=59 (full 0):
 garbage-first heap   total 282624K, used 137126K [0x0000000700000000, 0x0000000800000000)
  region size 2048K, 6 young (12288K), 6 survivors (12288K)
 Metaspace       used 138856K, committed 139584K, reserved 1179648K
  class space    used 18346K, committed 18688K, reserved 1048576K
}
Event: 24.044 GC heap before
{Heap before GC invocations=59 (full 0):
 garbage-first heap   total 282624K, used 227238K [0x0000000700000000, 0x0000000800000000)
  region size 2048K, 50 young (102400K), 6 survivors (12288K)
 Metaspace       used 143827K, committed 144704K, reserved 1179648K
  class space    used 19001K, committed 19392K, reserved 1048576K
}
Event: 24.052 GC heap after
{Heap after GC invocations=60 (full 0):
 garbage-first heap   total 282624K, used 142975K [0x0000000700000000, 0x0000000800000000)
  region size 2048K, 6 young (12288K), 6 survivors (12288K)
 Metaspace       used 143827K, committed 144704K, reserved 1179648K
  class space    used 19001K, committed 19392K, reserved 1048576K
}
Event: 24.731 GC heap before
{Heap before GC invocations=60 (full 0):
 garbage-first heap   total 282624K, used 231039K [0x0000000700000000, 0x0000000800000000)
  region size 2048K, 49 young (100352K), 6 survivors (12288K)
 Metaspace       used 149341K, committed 150208K, reserved 1179648K
  class space    used 19926K, committed 20352K, reserved 1048576K
}
Event: 24.740 GC heap after
{Heap after GC invocations=61 (full 0):
 garbage-first heap   total 282624K, used 151608K [0x0000000700000000, 0x0000000800000000)
  region size 2048K, 7 young (14336K), 7 survivors (14336K)
 Metaspace       used 149341K, committed 150208K, reserved 1179648K
  class space    used 19926K, committed 20352K, reserved 1048576K
}
Event: 32.693 GC heap before
{Heap before GC invocations=62 (full 0):
 garbage-first heap   total 290816K, used 229432K [0x0000000700000000, 0x0000000800000000)
  region size 2048K, 46 young (94208K), 7 survivors (14336K)
 Metaspace       used 150291K, committed 151168K, reserved 1245184K
  class space    used 19949K, committed 20352K, reserved 1048576K
}
Event: 32.701 GC heap after
{Heap after GC invocations=63 (full 0):
 garbage-first heap   total 290816K, used 156410K [0x0000000700000000, 0x0000000800000000)
  region size 2048K, 3 young (6144K), 3 survivors (6144K)
 Metaspace       used 150291K, committed 151168K, reserved 1245184K
  class space    used 19949K, committed 20352K, reserved 1048576K
}
Event: 65.688 GC heap before
{Heap before GC invocations=63 (full 0):
 garbage-first heap   total 290816K, used 238330K [0x0000000700000000, 0x0000000800000000)
  region size 2048K, 44 young (90112K), 3 survivors (6144K)
 Metaspace       used 150678K, committed 151552K, reserved 1245184K
  class space    used 19950K, committed 20352K, reserved 1048576K
}
Event: 65.693 GC heap after
{Heap after GC invocations=64 (full 0):
 garbage-first heap   total 290816K, used 156070K [0x0000000700000000, 0x0000000800000000)
  region size 2048K, 3 young (6144K), 3 survivors (6144K)
 Metaspace       used 150678K, committed 151552K, reserved 1245184K
  class space    used 19950K, committed 20352K, reserved 1048576K
}
Event: 100.137 GC heap before
{Heap before GC invocations=65 (full 0):
 garbage-first heap   total 290816K, used 240038K [0x0000000700000000, 0x0000000800000000)
  region size 2048K, 45 young (92160K), 3 survivors (6144K)
 Metaspace       used 150880K, committed 151744K, reserved 1245184K
  class space    used 19953K, committed 20352K, reserved 1048576K
}
Event: 100.140 GC heap after
{Heap after GC invocations=66 (full 0):
 garbage-first heap   total 290816K, used 158630K [0x0000000700000000, 0x0000000800000000)
  region size 2048K, 4 young (8192K), 4 survivors (8192K)
 Metaspace       used 150880K, committed 151744K, reserved 1245184K
  class space    used 19953K, committed 20352K, reserved 1048576K
}
Event: 100.149 GC heap before
{Heap before GC invocations=66 (full 0):
 garbage-first heap   total 290816K, used 164774K [0x0000000700000000, 0x0000000800000000)
  region size 2048K, 7 young (14336K), 4 survivors (8192K)
 Metaspace       used 150906K, committed 151744K, reserved 1245184K
  class space    used 19953K, committed 20352K, reserved 1048576K
}
Event: 100.152 GC heap after
{Heap after GC invocations=67 (full 0):
 garbage-first heap   total 290816K, used 155533K [0x0000000700000000, 0x0000000800000000)
  region size 2048K, 1 young (2048K), 1 survivors (2048K)
 Metaspace       used 150906K, committed 151744K, reserved 1245184K
  class space    used 19953K, committed 20352K, reserved 1048576K
}
Event: 100.253 GC heap before
{Heap before GC invocations=67 (full 0):
 garbage-first heap   total 290816K, used 241549K [0x0000000700000000, 0x0000000800000000)
  region size 2048K, 44 young (90112K), 1 survivors (2048K)
 Metaspace       used 150945K, committed 151808K, reserved 1245184K
  class space    used 19954K, committed 20352K, reserved 1048576K
}
Event: 100.255 GC heap after
{Heap after GC invocations=68 (full 0):
 garbage-first heap   total 290816K, used 156889K [0x0000000700000000, 0x0000000800000000)
  region size 2048K, 2 young (4096K), 2 survivors (4096K)
 Metaspace       used 150945K, committed 151808K, reserved 1245184K
  class space    used 19954K, committed 20352K, reserved 1048576K
}

