# JRE version: OpenJDK Runtime Environment (17.0.7) (build 17.0.7+0-b2043.56-10550314)
# Java VM: OpenJDK 64-Bit Server VM (17.0.7+0-b2043.56-10550314, mixed mode, tiered, compressed oops, compressed class ptrs, g1 gc, windows-amd64)
GC Precious Log:
 CPUs: 8 total, 8 available
 Memory: 7885M
 Large Page Support: Disabled
 NUMA Support: Disabled
 Compressed Oops: Enabled (Zero based)
 Heap Region Size: 2M
 Heap Min Capacity: 8M
 Heap Initial Capacity: 124M
 Heap Max Capacity: 4G
 Pre-touch: Disabled
 Parallel Workers: 8
 Concurrent Workers: 2
 Concurrent Refinement Workers: 8
 Periodic GC: Disabled
Heap:
 garbage-first heap   total 868352K, used 312947K [0x0000000700000000, 0x0000000800000000)
  region size 2048K, 3 young (6144K), 3 survivors (6144K)
 Metaspace       used 147150K, committed 148864K, reserved 1179648K
  class space    used 20365K, committed 21184K, reserved 1048576K
GC Heap History (20 events):
Event: 270.480 GC heap after
{Heap after GC invocations=77 (full 0):
 garbage-first heap   total 1333248K, used 229433K [0x0000000700000000, 0x0000000800000000)
  region size 2048K, 3 young (6144K), 3 survivors (6144K)
 Metaspace       used 134529K, committed 135744K, reserved 1179648K
  class space    used 19002K, committed 19520K, reserved 1048576K
}
Event: 271.050 GC heap before
{Heap before GC invocations=77 (full 0):
 garbage-first heap   total 1333248K, used 288825K [0x0000000700000000, 0x0000000800000000)
  region size 2048K, 32 young (65536K), 3 survivors (6144K)
 Metaspace       used 134750K, committed 136000K, reserved 1179648K
  class space    used 19015K, committed 19584K, reserved 1048576K
}
Event: 271.112 GC heap after
{Heap after GC invocations=78 (full 0):
 garbage-first heap   total 1333248K, used 241089K [0x0000000700000000, 0x0000000800000000)
  region size 2048K, 4 young (8192K), 4 survivors (8192K)
 Metaspace       used 134750K, committed 136000K, reserved 1179648K
  class space    used 19015K, committed 19584K, reserved 1048576K
}
Event: 278.976 GC heap before
{Heap before GC invocations=79 (full 0):
 garbage-first heap   total 868352K, used 318913K [0x0000000700000000, 0x0000000800000000)
  region size 2048K, 52 young (106496K), 4 survivors (8192K)
 Metaspace       used 135329K, committed 136768K, reserved 1179648K
  class space    used 19087K, committed 19712K, reserved 1048576K
}
Event: 279.001 GC heap after
{Heap after GC invocations=80 (full 0):
 garbage-first heap   total 868352K, used 237314K [0x0000000700000000, 0x0000000800000000)
  region size 2048K, 7 young (14336K), 7 survivors (14336K)
 Metaspace       used 135329K, committed 136768K, reserved 1179648K
  class space    used 19087K, committed 19712K, reserved 1048576K
}
Event: 279.249 GC heap before
{Heap before GC invocations=80 (full 0):
 garbage-first heap   total 868352K, used 263938K [0x0000000700000000, 0x0000000800000000)
  region size 2048K, 21 young (43008K), 7 survivors (14336K)
 Metaspace       used 135408K, committed 136832K, reserved 1179648K
  class space    used 19091K, committed 19712K, reserved 1048576K
}
Event: 279.274 GC heap after
{Heap after GC invocations=81 (full 0):
 garbage-first heap   total 868352K, used 210110K [0x0000000700000000, 0x0000000800000000)
  region size 2048K, 2 young (4096K), 2 survivors (4096K)
 Metaspace       used 135408K, committed 136832K, reserved 1179648K
  class space    used 19091K, committed 19712K, reserved 1048576K
}
Event: 1945.234 GC heap before
{Heap before GC invocations=81 (full 0):
 garbage-first heap   total 868352K, used 437438K [0x0000000700000000, 0x0000000800000000)
  region size 2048K, 113 young (231424K), 2 survivors (4096K)
 Metaspace       used 136317K, committed 137792K, reserved 1179648K
  class space    used 19175K, committed 19840K, reserved 1048576K
}
Event: 1945.527 GC heap after
{Heap after GC invocations=82 (full 0):
 garbage-first heap   total 868352K, used 232269K [0x0000000700000000, 0x0000000800000000)
  region size 2048K, 13 young (26624K), 13 survivors (26624K)
 Metaspace       used 136317K, committed 137792K, reserved 1179648K
  class space    used 19175K, committed 19840K, reserved 1048576K
}
Event: 1946.137 GC heap before
{Heap before GC invocations=82 (full 0):
 garbage-first heap   total 868352K, used 246605K [0x0000000700000000, 0x0000000800000000)
  region size 2048K, 21 young (43008K), 13 survivors (26624K)
 Metaspace       used 136369K, committed 137920K, reserved 1179648K
  class space    used 19178K, committed 19840K, reserved 1048576K
}
Event: 1946.224 GC heap after
{Heap after GC invocations=83 (full 0):
 garbage-first heap   total 868352K, used 238276K [0x0000000700000000, 0x0000000800000000)
  region size 2048K, 3 young (6144K), 3 survivors (6144K)
 Metaspace       used 136369K, committed 137920K, reserved 1179648K
  class space    used 19178K, committed 19840K, reserved 1048576K
}
Event: 1954.784 GC heap before
{Heap before GC invocations=84 (full 0):
 garbage-first heap   total 868352K, used 332484K [0x0000000700000000, 0x0000000800000000)
  region size 2048K, 50 young (102400K), 3 survivors (6144K)
 Metaspace       used 138203K, committed 139712K, reserved 1179648K
  class space    used 19365K, committed 20032K, reserved 1048576K
}
Event: 1954.808 GC heap after
{Heap after GC invocations=85 (full 0):
 garbage-first heap   total 868352K, used 250736K [0x0000000700000000, 0x0000000800000000)
  region size 2048K, 7 young (14336K), 7 survivors (14336K)
 Metaspace       used 138203K, committed 139712K, reserved 1179648K
  class space    used 19365K, committed 20032K, reserved 1048576K
}
Event: 1955.279 GC heap before
{Heap before GC invocations=85 (full 0):
 garbage-first heap   total 868352K, used 277360K [0x0000000700000000, 0x0000000800000000)
  region size 2048K, 21 young (43008K), 7 survivors (14336K)
 Metaspace       used 138783K, committed 140352K, reserved 1179648K
  class space    used 19407K, committed 20096K, reserved 1048576K
}
Event: 1955.335 GC heap after
{Heap after GC invocations=86 (full 0):
 garbage-first heap   total 868352K, used 245035K [0x0000000700000000, 0x0000000800000000)
  region size 2048K, 2 young (4096K), 2 survivors (4096K)
 Metaspace       used 138783K, committed 140352K, reserved 1179648K
  class space    used 19407K, committed 20096K, reserved 1048576K
}
Event: 1964.035 GC heap before
{Heap before GC invocations=86 (full 0):
 garbage-first heap   total 868352K, used 412971K [0x0000000700000000, 0x0000000800000000)
  region size 2048K, 86 young (176128K), 2 survivors (4096K)
 Metaspace       used 147030K, committed 148672K, reserved 1179648K
  class space    used 20357K, committed 21056K, reserved 1048576K
}
Event: 1964.091 GC heap after
{Heap after GC invocations=87 (full 0):
 garbage-first heap   total 868352K, used 254993K [0x0000000700000000, 0x0000000800000000)
  region size 2048K, 7 young (14336K), 7 survivors (14336K)
 Metaspace       used 147030K, committed 148672K, reserved 1179648K
  class space    used 20357K, committed 21056K, reserved 1048576K
}
Event: 1965.023 GC heap before
{Heap before GC invocations=88 (full 0):
 garbage-first heap   total 868352K, used 482321K [0x0000000700000000, 0x0000000800000000)
  region size 2048K, 98 young (200704K), 7 survivors (14336K)
 Metaspace       used 147150K, committed 148864K, reserved 1179648K
  class space    used 20365K, committed 21184K, reserved 1048576K
}
Event: 1965.185 GC heap after
{Heap after GC invocations=89 (full 0):
 garbage-first heap   total 868352K, used 331941K [0x0000000700000000, 0x0000000800000000)
  region size 2048K, 13 young (26624K), 13 survivors (26624K)
 Metaspace       used 147150K, committed 148864K, reserved 1179648K
  class space    used 20365K, committed 21184K, reserved 1048576K
}
Event: 1965.205 GC heap before
{Heap before GC invocations=89 (full 0):
 garbage-first heap   total 868352K, used 346277K [0x0000000700000000, 0x0000000800000000)
  region size 2048K, 21 young (43008K), 13 survivors (26624K)
 Metaspace       used 147150K, committed 148864K, reserved 1179648K
  class space    used 20365K, committed 21184K, reserved 1048576K
}

